0001_0020_0041_0040_0040.jpg 1 20 41 40 40
0002_0032_0027_0062_0062.jpg 1 32 27 62 62
0003_0016_0010_0054_0054.jpg 1 16 10 54 54
0004_0021_0025_0055_0055.jpg 1 21 25 55 55
0005_0049_0012_0041_0041.jpg 1 49 12 41 41
0006_0022_0037_0055_0055.jpg 1 22 37 55 55
0007_0018_0015_0031_0031.jpg 1 18 15 31 31
0008_0038_0012_0052_0052.jpg 1 38 12 52 52
0009_0033_0019_0054_0054.jpg 1 33 19 54 54
0010_0016_0034_0038_0038.jpg 1 16 34 38 38
0011_0038_0052_0039_0039.jpg 1 38 52 39 39
0012_0006_0038_0044_0044.jpg 1 6 38 44 44
0013_0020_0016_0053_0053.jpg 1 20 16 53 53
0014_0048_0026_0036_0036.jpg 1 48 26 36 36
0015_0014_0022_0067_0067.jpg 1 14 22 67 67
0016_0021_0015_0058_0058.jpg 1 21 15 58 58
0017_0021_0010_0029_0029.jpg 1 21 10 29 29
0018_0037_0011_0047_0047.jpg 1 37 11 47 47
0019_0007_0013_0055_0055.jpg 1 7 13 55 55
0020_0034_0033_0035_0035.jpg 1 34 33 35 35
0021_0023_0024_0052_0052.jpg 1 23 24 52 52
0022_0028_0009_0064_0064.jpg 1 28 9 64 64
0023_0035_0007_0059_0059.jpg 1 35 7 59 59
0024_0038_0036_0034_0034.jpg 1 38 36 34 34
0025_0033_0022_0062_0062.jpg 1 33 22 62 62
0026_0023_0043_0043_0043.jpg 1 23 43 43 43
0027_0055_0013_0031_0031.jpg 1 55 13 31 31
0028_0023_0028_0062_0062.jpg 1 23 28 62 62
0029_0005_0022_0066_0066.jpg 1 5 22 66 66
0030_0031_0022_0058_0058.jpg 1 31 22 58 58
0031_0017_0054_0027_0027.jpg 1 17 54 27 27
0032_0032_0011_0047_0047.jpg 1 32 11 47 47
0033_0017_0004_0066_0066.jpg 1 17 4 66 66
0034_0036_0032_0044_0044.jpg 1 36 32 44 44
0035_0034_0043_0034_0034.jpg 1 34 43 34 34
0036_0042_0015_0038_0038.jpg 1 42 15 38 38
0037_0028_0064_0027_0027.jpg 1 28 64 27 27
0038_0033_0017_0043_0043.jpg 1 33 17 43 43
0039_0045_0040_0035_0035.jpg 1 45 40 35 35
0040_0050_0049_0040_0040.jpg 1 50 49 40 40
0041_0045_0032_0037_0037.jpg 1 45 32 37 37
0042_0006_0014_0039_0039.jpg 1 6 14 39 39
0043_0053_0025_0031_0031.jpg 1 53 25 31 31
0044_0007_0051_0032_0032.jpg 1 7 51 32 32
0045_0045_0030_0045_0045.jpg 1 45 30 45 45
0046_0004_0025_0066_0066.jpg 1 4 25 66 66
0047_0031_0026_0049_0049.jpg 1 31 26 49 49
0048_0037_0031_0026_0026.jpg 1 37 31 26 26
0049_0028_0014_0063_0063.jpg 1 28 14 63 63
0050_0031_0046_0039_0039.jpg 1 31 46 39 39
0051_0056_0036_0032_0032.jpg 1 56 36 32 32
0052_0026_0031_0041_0041.jpg 1 26 31 41 41
0053_0025_0045_0044_0044.jpg 1 25 45 44 44
0054_0029_0018_0053_0053.jpg 1 29 18 53 53
0055_0010_0035_0031_0031.jpg 1 10 35 31 31
0056_0021_0051_0032_0032.jpg 1 21 51 32 32
0057_0015_0011_0041_0041.jpg 1 15 11 41 41
0058_0014_0038_0026_0026.jpg 1 14 38 26 26
0059_0010_0047_0044_0044.jpg 1 10 47 44 44
0060_0045_0053_0036_0036.jpg 1 45 53 36 36
0061_0010_0033_0034_0034.jpg 1 10 33 34 34
0062_0040_0038_0042_0042.jpg 1 40 38 42 42
0063_0036_0054_0030_0030.jpg 1 36 54 30 30
0064_0030_0035_0060_0060.jpg 1 30 35 60 60
0065_0025_0020_0048_0048.jpg 1 25 20 48 48
0066_0028_0046_0045_0045.jpg 1 28 46 45 45
0067_0005_0012_0067_0067.jpg 1 5 12 67 67
0068_0025_0008_0049_0049.jpg 1 25 8 49 49
0069_0006_0007_0068_0068.jpg 1 6 7 68 68
0070_0024_0020_0042_0042.jpg 1 24 20 42 42
0071_0040_0044_0046_0046.jpg 1 40 44 46 46
0072_0036_0026_0040_0040.jpg 1 36 26 40 40
0073_0024_0029_0065_0065.jpg 1 24 29 65 65
0074_0020_0026_0025_0025.jpg 1 20 26 25 25
0075_0032_0031_0054_0054.jpg 1 32 31 54 54
0076_0049_0045_0042_0042.jpg 1 49 45 42 42
0077_0011_0029_0055_0055.jpg 1 11 29 55 55
0078_0032_0020_0037_0037.jpg 1 32 20 37 37
0079_0064_0019_0028_0028.jpg 1 64 19 28 28
0080_0034_0013_0056_0056.jpg 1 34 13 56 56
0081_0008_0021_0069_0069.jpg 1 8 21 69 69
0082_0024_0030_0050_0050.jpg 1 24 30 50 50
0083_0021_0014_0044_0044.jpg 1 21 14 44 44
0084_0016_0042_0040_0040.jpg 1 16 42 40 40
0085_0017_0013_0038_0038.jpg 1 17 13 38 38
0086_0050_0029_0028_0028.jpg 1 50 29 28 28
0087_0018_0019_0059_0059.jpg 1 18 19 59 59
0088_0033_0024_0027_0027.jpg 1 33 24 27 27
0089_0028_0057_0033_0033.jpg 1 28 57 33 33
0090_0024_0028_0038_0038.jpg 1 24 28 38 38
0091_0029_0010_0024_0024.jpg 1 29 10 24 24
0092_0014_0046_0042_0042.jpg 1 14 46 42 42
0093_0017_0027_0058_0058.jpg 1 17 27 58 58
0094_0035_0009_0034_0034.jpg 1 35 9 34 34
0095_0047_0036_0033_0033.jpg 1 47 36 33 33
0096_0020_0007_0031_0031.jpg 1 20 7 31 31
0097_0009_0026_0063_0063.jpg 1 9 26 63 63
0098_0023_0005_0064_0064.jpg 1 23 5 64 64
0099_0039_0047_0025_0025.jpg 1 39 47 25 25
0100_0018_0004_0063_0063.jpg 1 18 4 63 63
0101_0009_0029_0057_0057.jpg 1 9 29 57 57
0102_0009_0020_0049_0049.jpg 1 9 20 49 49
0103_0059_0034_0025_0025.jpg 1 59 34 25 25
0104_0051_0039_0025_0025.jpg 1 51 39 25 25
0105_0046_0044_0030_0030.jpg 1 46 44 30 30
0106_0009_0022_0039_0039.jpg 1 9 22 39 39
0107_0062_0046_0027_0027.jpg 1 62 46 27 27
0108_0027_0033_0049_0049.jpg 1 27 33 49 49
0109_0011_0022_0066_0066.jpg 1 11 22 66 66
0110_0029_0010_0038_0038.jpg 1 29 10 38 38
0111_0036_0014_0058_0058.jpg 1 36 14 58 58
0112_0021_0043_0029_0029.jpg 1 21 43 29 29
0113_0021_0018_0033_0033.jpg 1 21 18 33 33
0114_0058_0056_0029_0029.jpg 1 58 56 29 29
0115_0040_0035_0052_0052.jpg 1 40 35 52 52
0116_0028_0040_0052_0052.jpg 1 28 40 52 52
0117_0025_0011_0065_0065.jpg 1 25 11 65 65
0118_0028_0038_0031_0031.jpg 1 28 38 31 31
0119_0021_0020_0059_0059.jpg 1 21 20 59 59
0120_0049_0042_0040_0040.jpg 1 49 42 40 40
0121_0043_0015_0025_0025.jpg 1 43 15 25 25
0122_0028_0058_0028_0028.jpg 1 28 58 28 28
0123_0013_0064_0026_0026.jpg 1 13 64 26 26
0124_0029_0023_0053_0053.jpg 1 29 23 53 53
0125_0062_0025_0030_0030.jpg 1 62 25 30 30
0126_0031_0055_0031_0031.jpg 1 31 55 31 31
0127_0020_0025_0045_0045.jpg 1 20 25 45 45
0128_0042_0067_0024_0024.jpg 1 42 67 24 24
0129_0029_0017_0051_0051.jpg 1 29 17 51 51
0130_0021_0015_0049_0049.jpg 1 21 15 49 49
0131_0018_0012_0052_0052.jpg 1 18 12 52 52
0132_0021_0036_0054_0054.jpg 1 21 36 54 54
0133_0036_0052_0025_0025.jpg 1 36 52 25 25
0134_0035_0027_0060_0060.jpg 1 35 27 60 60
0135_0031_0056_0025_0025.jpg 1 31 56 25 25
0136_0035_0006_0059_0059.jpg 1 35 6 59 59
0137_0026_0033_0056_0056.jpg 1 26 33 56 56
0138_0051_0036_0029_0029.jpg 1 51 36 29 29
0139_0040_0034_0049_0049.jpg 1 40 34 49 49
0140_0041_0012_0024_0024.jpg 1 41 12 24 24
0141_0007_0024_0063_0063.jpg 1 7 24 63 63
0142_0007_0017_0065_0065.jpg 1 7 17 65 65
0143_0006_0019_0053_0053.jpg 1 6 19 53 53
0144_0019_0017_0058_0058.jpg 1 19 17 58 58
0145_0010_0054_0029_0029.jpg 1 10 54 29 29
0146_0003_0027_0065_0065.jpg 1 3 27 65 65
0147_0006_0027_0066_0066.jpg 1 6 27 66 66
0148_0018_0040_0049_0049.jpg 1 18 40 49 49
0149_0007_0017_0062_0062.jpg 1 7 17 62 62
0150_0029_0010_0060_0060.jpg 1 29 10 60 60
0151_0048_0011_0039_0039.jpg 1 48 11 39 39
0152_0020_0007_0044_0044.jpg 1 20 7 44 44
0153_0036_0036_0047_0047.jpg 1 36 36 47 47
0154_0022_0011_0041_0041.jpg 1 22 11 41 41
0155_0031_0012_0057_0057.jpg 1 31 12 57 57
0156_0045_0032_0044_0044.jpg 1 45 32 44 44
0157_0057_0032_0027_0027.jpg 1 57 32 27 27
0158_0045_0034_0030_0030.jpg 1 45 34 30 30
0159_0052_0012_0027_0027.jpg 1 52 12 27 27
0160_0023_0027_0059_0059.jpg 1 23 27 59 59
0161_0042_0007_0041_0041.jpg 1 42 7 41 41
0162_0048_0043_0043_0043.jpg 1 48 43 43 43
0163_0031_0016_0065_0065.jpg 1 31 16 65 65
0164_0011_0024_0039_0039.jpg 1 11 24 39 39
0165_0007_0015_0049_0049.jpg 1 7 15 49 49
0166_0022_0050_0025_0025.jpg 1 22 50 25 25
0167_0035_0024_0056_0056.jpg 1 35 24 56 56
0168_0009_0054_0026_0026.jpg 1 9 54 26 26
0169_0031_0026_0035_0035.jpg 1 31 26 35 35
0170_0035_0012_0040_0040.jpg 1 35 12 40 40
0171_0057_0026_0035_0035.jpg 1 57 26 35 35
0172_0043_0049_0035_0035.jpg 1 43 49 35 35
0173_0047_0042_0033_0033.jpg 1 47 42 33 33
0174_0022_0025_0068_0068.jpg 1 22 25 68 68
0175_0020_0027_0069_0069.jpg 1 20 27 69 69
0176_0020_0025_0024_0024.jpg 1 20 25 24 24
0177_0028_0034_0045_0045.jpg 1 28 34 45 45
0178_0004_0029_0063_0063.jpg 1 4 29 63 63
0179_0020_0048_0046_0046.jpg 1 20 48 46 46
0180_0010_0019_0051_0051.jpg 1 10 19 51 51
0181_0010_0021_0062_0062.jpg 1 10 21 62 62
0182_0010_0020_0064_0064.jpg 1 10 20 64 64
0183_0038_0038_0053_0053.jpg 1 38 38 53 53
0184_0020_0034_0059_0059.jpg 1 20 34 59 59
0185_0048_0046_0037_0037.jpg 1 48 46 37 37
0186_0041_0035_0026_0026.jpg 1 41 35 26 26
0187_0057_0030_0034_0034.jpg 1 57 30 34 34
0188_0040_0058_0033_0033.jpg 1 40 58 33 33
0189_0058_0009_0034_0034.jpg 1 58 9 34 34
0190_0037_0018_0025_0025.jpg 1 37 18 25 25
0191_0034_0008_0033_0033.jpg 1 34 8 33 33
0192_0004_0032_0064_0064.jpg 1 4 32 64 64
0193_0019_0029_0066_0066.jpg 1 19 29 66 66
0194_0028_0009_0044_0044.jpg 1 28 9 44 44
0195_0064_0010_0026_0026.jpg 1 64 10 26 26
0196_0016_0021_0040_0040.jpg 1 16 21 40 40
0197_0027_0011_0067_0067.jpg 1 27 11 67 67
0198_0014_0039_0032_0032.jpg 1 14 39 32 32
0199_0052_0021_0032_0032.jpg 1 52 21 32 32
0200_0042_0033_0036_0036.jpg 1 42 33 36 36
0201_0018_0025_0044_0044.jpg 1 18 25 44 44
0202_0024_0017_0067_0067.jpg 1 24 17 67 67
0203_0045_0018_0039_0039.jpg 1 45 18 39 39
0204_0032_0032_0053_0053.jpg 1 32 32 53 53
0205_0009_0033_0050_0050.jpg 1 9 33 50 50
0206_0030_0026_0044_0044.jpg 1 30 26 44 44
0207_0014_0020_0068_0068.jpg 1 14 20 68 68
0208_0018_0013_0037_0037.jpg 1 18 13 37 37
0209_0024_0024_0063_0063.jpg 1 24 24 63 63
0210_0008_0009_0065_0065.jpg 1 8 9 65 65
0211_0012_0034_0046_0046.jpg 1 12 34 46 46
0212_0047_0019_0031_0031.jpg 1 47 19 31 31
0213_0006_0036_0050_0050.jpg 1 6 36 50 50
0214_0049_0007_0039_0039.jpg 1 49 7 39 39
0215_0008_0015_0062_0062.jpg 1 8 15 62 62
0216_0008_0011_0057_0057.jpg 1 8 11 57 57
0217_0056_0028_0027_0027.jpg 1 56 28 27 27
0218_0023_0020_0025_0025.jpg 1 23 20 25 25
0219_0006_0008_0057_0057.jpg 1 6 8 57 57
0220_0035_0024_0040_0040.jpg 1 35 24 40 40
0221_0023_0019_0035_0035.jpg 1 23 19 35 35
0222_0007_0011_0061_0061.jpg 1 7 11 61 61
0223_0013_0056_0025_0025.jpg 1 13 56 25 25
0224_0024_0025_0057_0057.jpg 1 24 25 57 57
0225_0005_0008_0064_0064.jpg 1 5 8 64 64
0226_0020_0019_0046_0046.jpg 1 20 19 46 46
0227_0047_0031_0033_0033.jpg 1 47 31 33 33
0228_0036_0038_0028_0028.jpg 1 36 38 28 28
0229_0030_0029_0065_0065.jpg 1 30 29 65 65
0230_0054_0043_0033_0033.jpg 1 54 43 33 33
0231_0032_0021_0053_0053.jpg 1 32 21 53 53
0232_0025_0005_0062_0062.jpg 1 25 5 62 62
0233_0003_0003_0069_0069.jpg 1 3 3 69 69
0234_0020_0033_0061_0061.jpg 1 20 33 61 61
0235_0055_0058_0025_0025.jpg 1 55 58 25 25
0236_0017_0027_0054_0054.jpg 1 17 27 54 54
0237_0011_0033_0056_0056.jpg 1 11 33 56 56
0238_0047_0036_0035_0035.jpg 1 47 36 35 35
0239_0029_0037_0056_0056.jpg 1 29 37 56 56
0240_0024_0051_0026_0026.jpg 1 24 51 26 26
0241_0038_0010_0025_0025.jpg 1 38 10 25 25
0242_0022_0007_0067_0067.jpg 1 22 7 67 67
0243_0009_0034_0029_0029.jpg 1 9 34 29 29
0244_0035_0013_0056_0056.jpg 1 35 13 56 56
0245_0025_0008_0055_0055.jpg 1 25 8 55 55
0246_0009_0054_0029_0029.jpg 1 9 54 29 29
0247_0009_0014_0029_0029.jpg 1 9 14 29 29
0248_0035_0025_0059_0059.jpg 1 35 25 59 59
0249_0037_0024_0048_0048.jpg 1 37 24 48 48
0250_0039_0040_0035_0035.jpg 1 39 40 35 35
0251_0033_0042_0041_0041.jpg 1 33 42 41 41
0252_0034_0039_0038_0038.jpg 1 34 39 38 38
0253_0030_0005_0063_0063.jpg 1 30 5 63 63
0254_0041_0052_0041_0041.jpg 1 41 52 41 41
0255_0037_0038_0057_0057.jpg 1 37 38 57 57
0256_0005_0017_0058_0058.jpg 1 5 17 58 58
0257_0009_0022_0065_0065.jpg 1 9 22 65 65
0258_0034_0040_0047_0047.jpg 1 34 40 47 47
0259_0037_0016_0051_0051.jpg 1 37 16 51 51
0260_0050_0057_0024_0024.jpg 1 50 57 24 24
0261_0021_0018_0028_0028.jpg 1 21 18 28 28
0262_0021_0009_0069_0069.jpg 1 21 9 69 69
0263_0007_0039_0036_0036.jpg 1 7 39 36 36
0264_0049_0015_0032_0032.jpg 1 49 15 32 32
0265_0031_0013_0047_0047.jpg 1 31 13 47 47
0266_0006_0025_0063_0063.jpg 1 6 25 63 63
0267_0026_0038_0044_0044.jpg 1 26 38 44 44
0268_0016_0013_0055_0055.jpg 1 16 13 55 55
0269_0007_0012_0033_0033.jpg 1 7 12 33 33
0270_0038_0031_0038_0038.jpg 1 38 31 38 38
0271_0007_0023_0042_0042.jpg 1 7 23 42 42
0272_0007_0035_0056_0056.jpg 1 7 35 56 56
0273_0043_0033_0051_0051.jpg 1 43 33 51 51
0274_0028_0004_0066_0066.jpg 1 28 4 66 66
0275_0023_0044_0048_0048.jpg 1 23 44 48 48
0276_0016_0013_0052_0052.jpg 1 16 13 52 52
0277_0028_0020_0064_0064.jpg 1 28 20 64 64
0278_0057_0021_0030_0030.jpg 1 57 21 30 30
0279_0008_0029_0053_0053.jpg 1 8 29 53 53
0280_0041_0012_0037_0037.jpg 1 41 12 37 37
0281_0035_0015_0038_0038.jpg 1 35 15 38 38
0282_0040_0008_0053_0053.jpg 1 40 8 53 53
0283_0006_0006_0040_0040.jpg 1 6 6 40 40
0284_0015_0030_0047_0047.jpg 1 15 30 47 47
0285_0028_0024_0056_0056.jpg 1 28 24 56 56
0286_0028_0030_0054_0054.jpg 1 28 30 54 54
0287_0032_0009_0045_0045.jpg 1 32 9 45 45
0288_0011_0010_0040_0040.jpg 1 11 10 40 40
0289_0005_0023_0055_0055.jpg 1 5 23 55 55
0290_0040_0047_0043_0043.jpg 1 40 47 43 43
0291_0040_0008_0039_0039.jpg 1 40 8 39 39
0292_0027_0044_0048_0048.jpg 1 27 44 48 48
0293_0046_0014_0033_0033.jpg 1 46 14 33 33
0294_0045_0033_0045_0045.jpg 1 45 33 45 45
0295_0018_0027_0035_0035.jpg 1 18 27 35 35
0296_0025_0026_0058_0058.jpg 1 25 26 58 58
0297_0009_0037_0057_0057.jpg 1 9 37 57 57
0298_0049_0016_0026_0026.jpg 1 49 16 26 26
0299_0013_0017_0060_0060.jpg 1 13 17 60 60
0300_0028_0031_0030_0030.jpg 1 28 31 30 30
0301_0020_0022_0060_0060.jpg 1 20 22 60 60
0302_0022_0028_0048_0048.jpg 1 22 28 48 48
0303_0053_0034_0034_0034.jpg 1 53 34 34 34
0304_0017_0018_0054_0054.jpg 1 17 18 54 54
0305_0010_0047_0036_0036.jpg 1 10 47 36 36
0306_0037_0008_0057_0057.jpg 1 37 8 57 57
0307_0028_0021_0065_0065.jpg 1 28 21 65 65
0308_0042_0053_0038_0038.jpg 1 42 53 38 38
0309_0029_0012_0060_0060.jpg 1 29 12 60 60
0310_0041_0038_0037_0037.jpg 1 41 38 37 37
0311_0037_0026_0051_0051.jpg 1 37 26 51 51
0312_0007_0017_0057_0057.jpg 1 7 17 57 57
0313_0023_0038_0028_0028.jpg 1 23 38 28 28
0314_0031_0054_0028_0028.jpg 1 31 54 28 28
0315_0028_0013_0063_0063.jpg 1 28 13 63 63
0316_0022_0053_0040_0040.jpg 1 22 53 40 40
0317_0034_0039_0044_0044.jpg 1 34 39 44 44
0318_0008_0031_0050_0050.jpg 1 8 31 50 50
0319_0030_0036_0043_0043.jpg 1 30 36 43 43
0320_0039_0040_0024_0024.jpg 1 39 40 24 24
0321_0015_0026_0065_0065.jpg 1 15 26 65 65
0322_0051_0054_0030_0030.jpg 1 51 54 30 30
0323_0035_0015_0053_0053.jpg 1 35 15 53 53
0324_0052_0050_0025_0025.jpg 1 52 50 25 25
0325_0015_0027_0063_0063.jpg 1 15 27 63 63
0326_0031_0008_0049_0049.jpg 1 31 8 49 49
0327_0032_0014_0057_0057.jpg 1 32 14 57 57
0328_0004_0013_0066_0066.jpg 1 4 13 66 66
0329_0032_0027_0036_0036.jpg 1 32 27 36 36
0330_0036_0032_0036_0036.jpg 1 36 32 36 36
0331_0046_0034_0033_0033.jpg 1 46 34 33 33
0332_0015_0047_0046_0046.jpg 1 15 47 46 46
0333_0046_0022_0029_0029.jpg 1 46 22 29 29
0334_0012_0004_0063_0063.jpg 1 12 4 63 63
0335_0041_0051_0040_0040.jpg 1 41 51 40 40
0336_0047_0053_0039_0039.jpg 1 47 53 39 39
0337_0032_0015_0056_0056.jpg 1 32 15 56 56
0338_0009_0042_0039_0039.jpg 1 9 42 39 39
0339_0043_0009_0043_0043.jpg 1 43 9 43 43
0340_0053_0017_0035_0035.jpg 1 53 17 35 35
0341_0031_0017_0029_0029.jpg 1 31 17 29 29
0342_0033_0015_0049_0049.jpg 1 33 15 49 49
0343_0044_0025_0030_0030.jpg 1 44 25 30 30
0344_0044_0014_0047_0047.jpg 1 44 14 47 47
0345_0038_0028_0050_0050.jpg 1 38 28 50 50
0346_0016_0010_0049_0049.jpg 1 16 10 49 49
0347_0041_0025_0024_0024.jpg 1 41 25 24 24
0348_0038_0036_0037_0037.jpg 1 38 36 37 37
0349_0030_0028_0058_0058.jpg 1 30 28 58 58
0350_0021_0019_0025_0025.jpg 1 21 19 25 25
0351_0010_0013_0059_0059.jpg 1 10 13 59 59
0352_0008_0037_0027_0027.jpg 1 8 37 27 27
0353_0030_0035_0034_0034.jpg 1 30 35 34 34
0354_0007_0043_0050_0050.jpg 1 7 43 50 50
0355_0030_0026_0054_0054.jpg 1 30 26 54 54
0356_0004_0026_0069_0069.jpg 1 4 26 69 69
0357_0012_0012_0059_0059.jpg 1 12 12 59 59
0358_0017_0058_0031_0031.jpg 1 17 58 31 31
0359_0012_0028_0063_0063.jpg 1 12 28 63 63
0360_0046_0009_0030_0030.jpg 1 46 9 30 30
0361_0026_0021_0062_0062.jpg 1 26 21 62 62
0362_0050_0010_0044_0044.jpg 1 50 10 44 44
0363_0012_0017_0065_0065.jpg 1 12 17 65 65
0364_0044_0044_0028_0028.jpg 1 44 44 28 28
0365_0020_0011_0062_0062.jpg 1 20 11 62 62
0366_0035_0017_0033_0033.jpg 1 35 17 33 33
0367_0005_0007_0067_0067.jpg 1 5 7 67 67
0368_0022_0035_0031_0031.jpg 1 22 35 31 31
0369_0010_0016_0049_0049.jpg 1 10 16 49 49
0370_0024_0010_0052_0052.jpg 1 24 10 52 52
0371_0046_0051_0034_0034.jpg 1 46 51 34 34
0372_0021_0029_0061_0061.jpg 1 21 29 61 61
0373_0035_0021_0048_0048.jpg 1 35 21 48 48
0374_0006_0017_0060_0060.jpg 1 6 17 60 60
0375_0011_0029_0044_0044.jpg 1 11 29 44 44
0376_0059_0033_0025_0025.jpg 1 59 33 25 25
0377_0017_0023_0042_0042.jpg 1 17 23 42 42
0378_0023_0012_0067_0067.jpg 1 23 12 67 67
0379_0044_0035_0025_0025.jpg 1 44 35 25 25
0380_0033_0014_0056_0056.jpg 1 33 14 56 56
0381_0010_0029_0039_0039.jpg 1 10 29 39 39
0382_0012_0018_0068_0068.jpg 1 12 18 68 68
0383_0008_0022_0054_0054.jpg 1 8 22 54 54
0384_0027_0057_0025_0025.jpg 1 27 57 25 25
0385_0009_0044_0038_0038.jpg 1 9 44 38 38
0386_0031_0023_0055_0055.jpg 1 31 23 55 55
0387_0038_0023_0049_0049.jpg 1 38 23 49 49
0388_0011_0016_0060_0060.jpg 1 11 16 60 60
0389_0014_0024_0051_0051.jpg 1 14 24 51 51
0390_0046_0030_0035_0035.jpg 1 46 30 35 35
0391_0006_0021_0064_0064.jpg 1 6 21 64 64
0392_0014_0018_0062_0062.jpg 1 14 18 62 62
0393_0054_0036_0028_0028.jpg 1 54 36 28 28
0394_0011_0014_0048_0048.jpg 1 11 14 48 48
0395_0037_0066_0025_0025.jpg 1 37 66 25 25
0396_0020_0017_0043_0043.jpg 1 20 17 43 43
0397_0006_0025_0054_0054.jpg 1 6 25 54 54
0398_0021_0022_0046_0046.jpg 1 21 22 46 46
0399_0030_0045_0032_0032.jpg 1 30 45 32 32
0400_0021_0037_0050_0050.jpg 1 21 37 50 50
0401_0006_0037_0048_0048.jpg 1 6 37 48 48
0402_0026_0033_0048_0048.jpg 1 26 33 48 48
0403_0011_0024_0048_0048.jpg 1 11 24 48 48
0404_0025_0032_0044_0044.jpg 1 25 32 44 44
0405_0027_0037_0056_0056.jpg 1 27 37 56 56
0406_0006_0013_0067_0067.jpg 1 6 13 67 67
0407_0028_0031_0055_0055.jpg 1 28 31 55 55
0408_0026_0031_0058_0058.jpg 1 26 31 58 58
0409_0031_0055_0036_0036.jpg 1 31 55 36 36
0410_0014_0045_0032_0032.jpg 1 14 45 32 32
0411_0038_0029_0026_0026.jpg 1 38 29 26 26
0412_0048_0054_0026_0026.jpg 1 48 54 26 26
0413_0020_0007_0061_0061.jpg 1 20 7 61 61
0414_0041_0013_0038_0038.jpg 1 41 13 38 38
0415_0043_0046_0037_0037.jpg 1 43 46 37 37
0416_0016_0020_0035_0035.jpg 1 16 20 35 35
0417_0011_0020_0062_0062.jpg 1 11 20 62 62
0418_0011_0045_0041_0041.jpg 1 11 45 41 41
0419_0031_0023_0048_0048.jpg 1 31 23 48 48
0420_0032_0030_0063_0063.jpg 1 32 30 63 63
0421_0029_0045_0025_0025.jpg 1 29 45 25 25
0422_0025_0038_0056_0056.jpg 1 25 38 56 56
0423_0025_0007_0065_0065.jpg 1 25 7 65 65
0424_0040_0029_0043_0043.jpg 1 40 29 43 43
0425_0029_0012_0057_0057.jpg 1 29 12 57 57
0426_0019_0014_0042_0042.jpg 1 19 14 42 42
0427_0029_0019_0059_0059.jpg 1 29 19 59 59
0428_0004_0020_0065_0065.jpg 1 4 20 65 65
0429_0015_0019_0035_0035.jpg 1 15 19 35 35
0430_0006_0038_0052_0052.jpg 1 6 38 52 52
0431_0017_0015_0035_0035.jpg 1 17 15 35 35
0432_0026_0018_0069_0069.jpg 1 26 18 69 69
0433_0031_0049_0037_0037.jpg 1 31 49 37 37
0434_0011_0018_0068_0068.jpg 1 11 18 68 68
0435_0028_0026_0045_0045.jpg 1 28 26 45 45
0436_0014_0016_0050_0050.jpg 1 14 16 50 50
0437_0018_0051_0037_0037.jpg 1 18 51 37 37
0438_0005_0016_0067_0067.jpg 1 5 16 67 67
0439_0056_0036_0025_0025.jpg 1 56 36 25 25
0440_0012_0019_0026_0026.jpg 1 12 19 26 26
0441_0020_0015_0061_0061.jpg 1 20 15 61 61
0442_0040_0038_0032_0032.jpg 1 40 38 32 32
0443_0045_0035_0037_0037.jpg 1 45 35 37 37
0444_0035_0035_0058_0058.jpg 1 35 35 58 58
0445_0006_0021_0065_0065.jpg 1 6 21 65 65
0446_0015_0006_0069_0069.jpg 1 15 6 69 69
0447_0021_0028_0061_0061.jpg 1 21 28 61 61
0448_0025_0041_0032_0032.jpg 1 25 41 32 32
0449_0006_0046_0045_0045.jpg 1 6 46 45 45
0450_0021_0013_0049_0049.jpg 1 21 13 49 49
0451_0026_0007_0058_0058.jpg 1 26 7 58 58
0452_0006_0013_0053_0053.jpg 1 6 13 53 53
0453_0026_0027_0056_0056.jpg 1 26 27 56 56
0454_0046_0039_0045_0045.jpg 1 46 39 45 45
0455_0050_0062_0028_0028.jpg 1 50 62 28 28
0456_0036_0051_0039_0039.jpg 1 36 51 39 39
0457_0026_0045_0041_0041.jpg 1 26 45 41 41
0458_0046_0024_0024_0024.jpg 1 46 24 24 24
0459_0037_0032_0036_0036.jpg 1 37 32 36 36
0460_0016_0017_0065_0065.jpg 1 16 17 65 65
0461_0055_0025_0035_0035.jpg 1 55 25 35 35
0462_0036_0045_0048_0048.jpg 1 36 45 48 48
0463_0054_0009_0037_0037.jpg 1 54 9 37 37
0464_0023_0026_0061_0061.jpg 1 23 26 61 61
0465_0028_0028_0046_0046.jpg 1 28 28 46 46
0466_0007_0010_0064_0064.jpg 1 7 10 64 64
0467_0024_0029_0034_0034.jpg 1 24 29 34 34
0468_0034_0033_0051_0051.jpg 1 34 33 51 51
0469_0013_0010_0069_0069.jpg 1 13 10 69 69
0470_0008_0005_0056_0056.jpg 1 8 5 56 56
0471_0005_0015_0054_0054.jpg 1 5 15 54 54
0472_0044_0021_0042_0042.jpg 1 44 21 42 42
0473_0017_0026_0057_0057.jpg 1 17 26 57 57
0474_0015_0009_0064_0064.jpg 1 15 9 64 64
0475_0027_0021_0064_0064.jpg 1 27 21 64 64
0476_0021_0035_0032_0032.jpg 1 21 35 32 32
0477_0047_0011_0035_0035.jpg 1 47 11 35 35
0478_0030_0028_0065_0065.jpg 1 30 28 65 65
0479_0009_0050_0043_0043.jpg 1 9 50 43 43
0480_0033_0044_0035_0035.jpg 1 33 44 35 35
0481_0012_0029_0065_0065.jpg 1 12 29 65 65
0482_0051_0057_0031_0031.jpg 1 51 57 31 31
0483_0023_0053_0040_0040.jpg 1 23 53 40 40
0484_0012_0014_0048_0048.jpg 1 12 14 48 48
0485_0055_0038_0038_0038.jpg 1 55 38 38 38
0486_0005_0011_0045_0045.jpg 1 5 11 45 45
0487_0024_0027_0055_0055.jpg 1 24 27 55 55
0488_0021_0016_0068_0068.jpg 1 21 16 68 68
0489_0036_0015_0057_0057.jpg 1 36 15 57 57
0490_0029_0046_0036_0036.jpg 1 29 46 36 36
0491_0021_0027_0057_0057.jpg 1 21 27 57 57
0492_0014_0024_0065_0065.jpg 1 14 24 65 65
0493_0019_0051_0040_0040.jpg 1 19 51 40 40
0494_0049_0060_0031_0031.jpg 1 49 60 31 31
0495_0010_0046_0046_0046.jpg 1 10 46 46 46
0496_0014_0048_0045_0045.jpg 1 14 48 45 45
0497_0007_0031_0061_0061.jpg 1 7 31 61 61
0498_0018_0055_0031_0031.jpg 1 18 55 31 31
0499_0005_0025_0069_0069.jpg 1 5 25 69 69
0500_0020_0020_0068_0068.jpg 1 20 20 68 68
0501_0014_0012_0044_0044.jpg 1 14 12 44 44
0502_0036_0024_0030_0030.jpg 1 36 24 30 30
0503_0031_0029_0057_0057.jpg 1 31 29 57 57
0504_0042_0009_0032_0032.jpg 1 42 9 32 32
0505_0005_0035_0055_0055.jpg 1 5 35 55 55
0506_0049_0056_0032_0032.jpg 1 49 56 32 32
0507_0019_0009_0024_0024.jpg 1 19 9 24 24
0508_0018_0014_0061_0061.jpg 1 18 14 61 61
0509_0028_0028_0048_0048.jpg 1 28 28 48 48
0510_0011_0021_0068_0068.jpg 1 11 21 68 68
0511_0045_0054_0036_0036.jpg 1 45 54 36 36
0512_0016_0013_0064_0064.jpg 1 16 13 64 64
0513_0008_0024_0060_0060.jpg 1 8 24 60 60
0514_0041_0023_0029_0029.jpg 1 41 23 29 29
0515_0015_0031_0049_0049.jpg 1 15 31 49 49
0516_0004_0019_0068_0068.jpg 1 4 19 68 68
0517_0023_0032_0048_0048.jpg 1 23 32 48 48
0518_0006_0019_0051_0051.jpg 1 6 19 51 51
0519_0023_0026_0061_0061.jpg 1 23 26 61 61
0520_0027_0006_0058_0058.jpg 1 27 6 58 58
0521_0014_0039_0045_0045.jpg 1 14 39 45 45
0522_0061_0008_0028_0028.jpg 1 61 8 28 28
0523_0053_0030_0038_0038.jpg 1 53 30 38 38
0524_0034_0011_0036_0036.jpg 1 34 11 36 36
0525_0018_0009_0034_0034.jpg 1 18 9 34 34
0526_0020_0012_0042_0042.jpg 1 20 12 42 42
0527_0019_0030_0024_0024.jpg 1 19 30 24 24
0528_0024_0012_0042_0042.jpg 1 24 12 42 42
0529_0008_0029_0066_0066.jpg 1 8 29 66 66
0530_0030_0031_0058_0058.jpg 1 30 31 58 58
0531_0009_0014_0065_0065.jpg 1 9 14 65 65
0532_0049_0065_0027_0027.jpg 1 49 65 27 27
0533_0034_0033_0039_0039.jpg 1 34 33 39 39
0534_0034_0038_0032_0032.jpg 1 34 38 32 32
0535_0031_0021_0044_0044.jpg 1 31 21 44 44
0536_0012_0007_0062_0062.jpg 1 12 7 62 62
0537_0027_0008_0040_0040.jpg 1 27 8 40 40
0538_0064_0067_0025_0025.jpg 1 64 67 25 25
0539_0014_0015_0062_0062.jpg 1 14 15 62 62
0540_0021_0018_0027_0027.jpg 1 21 18 27 27
0541_0024_0009_0043_0043.jpg 1 24 9 43 43
0542_0055_0055_0029_0029.jpg 1 55 55 29 29
0543_0009_0014_0048_0048.jpg 1 9 14 48 48
0544_0042_0016_0045_0045.jpg 1 42 16 45 45
0545_0019_0006_0061_0061.jpg 1 19 6 61 61
0546_0007_0035_0038_0038.jpg 1 7 35 38 38
0547_0039_0032_0046_0046.jpg 1 39 32 46 46
0548_0028_0018_0040_0040.jpg 1 28 18 40 40
0549_0065_0050_0025_0025.jpg 1 65 50 25 25
0550_0013_0028_0060_0060.jpg 1 13 28 60 60
0551_0023_0033_0053_0053.jpg 1 23 33 53 53
0552_0028_0028_0029_0029.jpg 1 28 28 29 29
0553_0019_0017_0034_0034.jpg 1 19 17 34 34
0554_0022_0017_0043_0043.jpg 1 22 17 43 43
0555_0029_0034_0032_0032.jpg 1 29 34 32 32
0556_0032_0021_0046_0046.jpg 1 32 21 46 46
0557_0035_0034_0049_0049.jpg 1 35 34 49 49
0558_0039_0051_0033_0033.jpg 1 39 51 33 33
0559_0047_0060_0026_0026.jpg 1 47 60 26 26
0560_0066_0008_0024_0024.jpg 1 66 8 24 24
0561_0039_0038_0047_0047.jpg 1 39 38 47 47
0562_0009_0018_0049_0049.jpg 1 9 18 49 49
0563_0022_0033_0031_0031.jpg 1 22 33 31 31
0564_0038_0025_0040_0040.jpg 1 38 25 40 40
0565_0031_0031_0039_0039.jpg 1 31 31 39 39
0566_0014_0010_0059_0059.jpg 1 14 10 59 59
0567_0027_0021_0066_0066.jpg 1 27 21 66 66
0568_0019_0016_0059_0059.jpg 1 19 16 59 59
0569_0033_0017_0043_0043.jpg 1 33 17 43 43
0570_0014_0043_0038_0038.jpg 1 14 43 38 38
0571_0036_0013_0048_0048.jpg 1 36 13 48 48
0572_0022_0048_0039_0039.jpg 1 22 48 39 39
0573_0018_0031_0051_0051.jpg 1 18 31 51 51
0574_0044_0038_0037_0037.jpg 1 44 38 37 37
0575_0034_0022_0041_0041.jpg 1 34 22 41 41
0576_0027_0018_0044_0044.jpg 1 27 18 44 44
0577_0018_0016_0052_0052.jpg 1 18 16 52 52
0578_0014_0009_0057_0057.jpg 1 14 9 57 57
0579_0028_0028_0040_0040.jpg 1 28 28 40 40
0580_0015_0058_0030_0030.jpg 1 15 58 30 30
0581_0030_0043_0045_0045.jpg 1 30 43 45 45
0582_0027_0018_0069_0069.jpg 1 27 18 69 69
0583_0037_0020_0039_0039.jpg 1 37 20 39 39
0584_0025_0016_0046_0046.jpg 1 25 16 46 46
0585_0005_0028_0057_0057.jpg 1 5 28 57 57
0586_0057_0052_0032_0032.jpg 1 57 52 32 32
0587_0021_0016_0048_0048.jpg 1 21 16 48 48
0588_0014_0013_0066_0066.jpg 1 14 13 66 66
0589_0057_0008_0024_0024.jpg 1 57 8 24 24
0590_0044_0018_0046_0046.jpg 1 44 18 46 46
0591_0005_0005_0058_0058.jpg 1 5 5 58 58
0592_0025_0018_0057_0057.jpg 1 25 18 57 57
0593_0053_0027_0034_0034.jpg 1 53 27 34 34
0594_0020_0035_0048_0048.jpg 1 20 35 48 48
0595_0022_0022_0066_0066.jpg 1 22 22 66 66
0596_0019_0045_0035_0035.jpg 1 19 45 35 35
0597_0007_0014_0030_0030.jpg 1 7 14 30 30
0598_0010_0016_0060_0060.jpg 1 10 16 60 60
0599_0014_0018_0042_0042.jpg 1 14 18 42 42
0600_0046_0032_0043_0043.jpg 1 46 32 43 43
0601_0026_0027_0048_0048.jpg 1 26 27 48 48
0602_0019_0014_0069_0069.jpg 1 19 14 69 69
0603_0051_0008_0038_0038.jpg 1 51 8 38 38
0604_0036_0016_0026_0026.jpg 1 36 16 26 26
0605_0014_0018_0057_0057.jpg 1 14 18 57 57
0606_0018_0022_0041_0041.jpg 1 18 22 41 41
0607_0020_0025_0069_0069.jpg 1 20 25 69 69
0608_0010_0018_0035_0035.jpg 1 10 18 35 35
0609_0022_0012_0066_0066.jpg 1 22 12 66 66
0610_0039_0019_0034_0034.jpg 1 39 19 34 34
0611_0044_0042_0038_0038.jpg 1 44 42 38 38
0612_0031_0017_0057_0057.jpg 1 31 17 57 57
0613_0013_0012_0048_0048.jpg 1 13 12 48 48
0614_0027_0022_0027_0027.jpg 1 27 22 27 27
0615_0036_0055_0029_0029.jpg 1 36 55 29 29
0616_0042_0030_0036_0036.jpg 1 42 30 36 36
0617_0025_0015_0052_0052.jpg 1 25 15 52 52
0618_0051_0006_0036_0036.jpg 1 51 6 36 36
0619_0020_0019_0047_0047.jpg 1 20 19 47 47
0620_0044_0062_0025_0025.jpg 1 44 62 25 25
0621_0029_0057_0034_0034.jpg 1 29 57 34 34
0622_0032_0054_0030_0030.jpg 1 32 54 30 30
0623_0044_0023_0038_0038.jpg 1 44 23 38 38
0624_0005_0005_0068_0068.jpg 1 5 5 68 68
0625_0019_0033_0059_0059.jpg 1 19 33 59 59
0626_0039_0018_0049_0049.jpg 1 39 18 49 49
0627_0006_0034_0041_0041.jpg 1 6 34 41 41
0628_0016_0052_0030_0030.jpg 1 16 52 30 30
0629_0007_0024_0041_0041.jpg 1 7 24 41 41
0630_0025_0034_0033_0033.jpg 1 25 34 33 33
0631_0007_0049_0024_0024.jpg 1 7 49 24 24
0632_0025_0035_0033_0033.jpg 1 25 35 33 33
0633_0012_0049_0041_0041.jpg 1 12 49 41 41
0634_0019_0013_0068_0068.jpg 1 19 13 68 68
0635_0022_0029_0037_0037.jpg 1 22 29 37 37
0636_0020_0036_0054_0054.jpg 1 20 36 54 54
0637_0018_0018_0046_0046.jpg 1 18 18 46 46
0638_0036_0021_0039_0039.jpg 1 36 21 39 39
0639_0045_0020_0047_0047.jpg 1 45 20 47 47
0640_0024_0050_0037_0037.jpg 1 24 50 37 37
0641_0029_0018_0040_0040.jpg 1 29 18 40 40
0642_0013_0009_0059_0059.jpg 1 13 9 59 59
0643_0013_0043_0048_0048.jpg 1 13 43 48 48
0644_0012_0025_0049_0049.jpg 1 12 25 49 49
0645_0027_0022_0065_0065.jpg 1 27 22 65 65
0646_0044_0065_0024_0024.jpg 1 44 65 24 24
0647_0042_0007_0028_0028.jpg 1 42 7 28 28
0648_0025_0027_0065_0065.jpg 1 25 27 65 65
0649_0035_0044_0050_0050.jpg 1 35 44 50 50
0650_0023_0008_0051_0051.jpg 1 23 8 51 51
0651_0047_0018_0037_0037.jpg 1 47 18 37 37
0652_0058_0046_0034_0034.jpg 1 58 46 34 34
0653_0018_0019_0066_0066.jpg 1 18 19 66 66
0654_0032_0051_0029_0029.jpg 1 32 51 29 29
0655_0014_0014_0064_0064.jpg 1 14 14 64 64
0656_0013_0057_0030_0030.jpg 1 13 57 30 30
0657_0019_0012_0060_0060.jpg 1 19 12 60 60
0658_0034_0021_0050_0050.jpg 1 34 21 50 50
0659_0028_0032_0054_0054.jpg 1 28 32 54 54
0660_0012_0022_0046_0046.jpg 1 12 22 46 46
0661_0022_0016_0059_0059.jpg 1 22 16 59 59
0662_0004_0027_0065_0065.jpg 1 4 27 65 65
0663_0024_0016_0066_0066.jpg 1 24 16 66 66
0664_0027_0007_0048_0048.jpg 1 27 7 48 48
0665_0022_0022_0052_0052.jpg 1 22 22 52 52
0666_0028_0058_0031_0031.jpg 1 28 58 31 31
0667_0020_0040_0054_0054.jpg 1 20 40 54 54
0668_0041_0038_0048_0048.jpg 1 41 38 48 48
0669_0018_0024_0048_0048.jpg 1 18 24 48 48
0670_0011_0054_0027_0027.jpg 1 11 54 27 27
0671_0048_0026_0031_0031.jpg 1 48 26 31 31
0672_0004_0003_0069_0069.jpg 1 4 3 69 69
0673_0033_0009_0052_0052.jpg 1 33 9 52 52
0674_0031_0017_0035_0035.jpg 1 31 17 35 35
0675_0017_0041_0032_0032.jpg 1 17 41 32 32
0676_0007_0008_0024_0024.jpg 1 7 8 24 24
0677_0035_0028_0034_0034.jpg 1 35 28 34 34
0678_0005_0039_0056_0056.jpg 1 5 39 56 56
0679_0024_0018_0046_0046.jpg 1 24 18 46 46
0680_0020_0010_0060_0060.jpg 1 20 10 60 60
0681_0042_0051_0036_0036.jpg 1 42 51 36 36
0682_0058_0028_0030_0030.jpg 1 58 28 30 30
0683_0021_0038_0026_0026.jpg 1 21 38 26 26
0684_0009_0022_0066_0066.jpg 1 9 22 66 66
0685_0011_0004_0058_0058.jpg 1 11 4 58 58
0686_0013_0026_0038_0038.jpg 1 13 26 38 38
0687_0015_0031_0053_0053.jpg 1 15 31 53 53
0688_0019_0025_0056_0056.jpg 1 19 25 56 56
0689_0028_0018_0067_0067.jpg 1 28 18 67 67
0690_0018_0016_0047_0047.jpg 1 18 16 47 47
0691_0006_0019_0069_0069.jpg 1 6 19 69 69
0692_0004_0015_0055_0055.jpg 1 4 15 55 55
0693_0019_0006_0067_0067.jpg 1 19 6 67 67
0694_0018_0025_0061_0061.jpg 1 18 25 61 61
0695_0007_0013_0038_0038.jpg 1 7 13 38 38
0696_0009_0030_0063_0063.jpg 1 9 30 63 63
0697_0016_0009_0066_0066.jpg 1 16 9 66 66
0698_0009_0018_0047_0047.jpg 1 9 18 47 47
0699_0034_0011_0052_0052.jpg 1 34 11 52 52
0700_0040_0048_0030_0030.jpg 1 40 48 30 30
0701_0019_0040_0049_0049.jpg 1 19 40 49 49
0702_0041_0010_0046_0046.jpg 1 41 10 46 46
0703_0045_0029_0027_0027.jpg 1 45 29 27 27
0704_0034_0020_0059_0059.jpg 1 34 20 59 59
0705_0026_0050_0040_0040.jpg 1 26 50 40 40
0706_0023_0031_0052_0052.jpg 1 23 31 52 52
0707_0017_0022_0045_0045.jpg 1 17 22 45 45
0708_0006_0035_0049_0049.jpg 1 6 35 49 49
0709_0018_0030_0032_0032.jpg 1 18 30 32 32
0710_0054_0047_0027_0027.jpg 1 54 47 27 27
0711_0026_0017_0044_0044.jpg 1 26 17 44 44
0712_0032_0019_0041_0041.jpg 1 32 19 41 41
0713_0020_0006_0041_0041.jpg 1 20 6 41 41
0714_0018_0009_0059_0059.jpg 1 18 9 59 59
0715_0005_0022_0069_0069.jpg 1 5 22 69 69
0716_0009_0029_0048_0048.jpg 1 9 29 48 48
0717_0022_0015_0041_0041.jpg 1 22 15 41 41
0718_0032_0040_0055_0055.jpg 1 32 40 55 55
0719_0005_0031_0059_0059.jpg 1 5 31 59 59
0720_0054_0008_0026_0026.jpg 1 54 8 26 26
0721_0026_0027_0067_0067.jpg 1 26 27 67 67
0722_0045_0015_0037_0037.jpg 1 45 15 37 37
0723_0044_0043_0047_0047.jpg 1 44 43 47 47
0724_0028_0023_0031_0031.jpg 1 28 23 31 31
0725_0011_0032_0051_0051.jpg 1 11 32 51 51
0726_0030_0012_0063_0063.jpg 1 30 12 63 63
0727_0015_0020_0040_0040.jpg 1 15 20 40 40
0728_0008_0043_0049_0049.jpg 1 8 43 49 49
0729_0007_0009_0068_0068.jpg 1 7 9 68 68
0730_0003_0027_0065_0065.jpg 1 3 27 65 65
0731_0045_0036_0037_0037.jpg 1 45 36 37 37
0732_0011_0017_0065_0065.jpg 1 11 17 65 65
0733_0025_0039_0033_0033.jpg 1 25 39 33 33
0734_0011_0028_0048_0048.jpg 1 11 28 48 48
0735_0010_0005_0044_0044.jpg 1 10 5 44 44
0736_0049_0009_0026_0026.jpg 1 49 9 26 26
0737_0034_0045_0036_0036.jpg 1 34 45 36 36
0738_0020_0033_0059_0059.jpg 1 20 33 59 59
0739_0044_0037_0047_0047.jpg 1 44 37 47 47
0740_0043_0023_0050_0050.jpg 1 43 23 50 50
0741_0044_0041_0044_0044.jpg 1 44 41 44 44
0742_0019_0027_0025_0025.jpg 1 19 27 25 25
0743_0016_0033_0029_0029.jpg 1 16 33 29 29
0744_0048_0061_0027_0027.jpg 1 48 61 27 27
0745_0029_0021_0049_0049.jpg 1 29 21 49 49
0746_0020_0040_0043_0043.jpg 1 20 40 43 43
0747_0053_0031_0034_0034.jpg 1 53 31 34 34
0748_0018_0012_0047_0047.jpg 1 18 12 47 47
0749_0047_0016_0046_0046.jpg 1 47 16 46 46
0750_0040_0055_0029_0029.jpg 1 40 55 29 29
0751_0009_0020_0043_0043.jpg 1 9 20 43 43
0752_0038_0038_0053_0053.jpg 1 38 38 53 53
0753_0014_0017_0044_0044.jpg 1 14 17 44 44
0754_0016_0019_0061_0061.jpg 1 16 19 61 61
0755_0030_0006_0042_0042.jpg 1 30 6 42 42
0756_0009_0016_0040_0040.jpg 1 9 16 40 40
0757_0014_0011_0042_0042.jpg 1 14 11 42 42
0758_0018_0004_0068_0068.jpg 1 18 4 68 68
0759_0048_0029_0035_0035.jpg 1 48 29 35 35
0760_0059_0058_0028_0028.jpg 1 59 58 28 28
0761_0029_0030_0044_0044.jpg 1 29 30 44 44
0762_0025_0047_0037_0037.jpg 1 25 47 37 37
0763_0030_0024_0065_0065.jpg 1 30 24 65 65
0764_0046_0052_0033_0033.jpg 1 46 52 33 33
0765_0025_0046_0031_0031.jpg 1 25 46 31 31
0766_0021_0031_0028_0028.jpg 1 21 31 28 28
0767_0033_0039_0044_0044.jpg 1 33 39 44 44
0768_0011_0031_0035_0035.jpg 1 11 31 35 35
0769_0011_0047_0024_0024.jpg 1 11 47 24 24
0770_0033_0009_0053_0053.jpg 1 33 9 53 53
0771_0030_0015_0048_0048.jpg 1 30 15 48 48
0772_0028_0005_0048_0048.jpg 1 28 5 48 48
0773_0022_0023_0055_0055.jpg 1 22 23 55 55
0774_0024_0014_0047_0047.jpg 1 24 14 47 47
0775_0005_0019_0057_0057.jpg 1 5 19 57 57
0776_0039_0052_0037_0037.jpg 1 39 52 37 37
0777_0027_0011_0046_0046.jpg 1 27 11 46 46
0778_0052_0034_0025_0025.jpg 1 52 34 25 25
0779_0005_0009_0068_0068.jpg 1 5 9 68 68
0780_0039_0019_0035_0035.jpg 1 39 19 35 35
0781_0006_0010_0057_0057.jpg 1 6 10 57 57
0782_0036_0016_0050_0050.jpg 1 36 16 50 50
0783_0034_0028_0059_0059.jpg 1 34 28 59 59
0784_0019_0006_0062_0062.jpg 1 19 6 62 62
0785_0059_0047_0028_0028.jpg 1 59 47 28 28
0786_0029_0035_0024_0024.jpg 1 29 35 24 24
0787_0017_0020_0061_0061.jpg 1 17 20 61 61
0788_0033_0035_0054_0054.jpg 1 33 35 54 54
0789_0047_0034_0024_0024.jpg 1 47 34 24 24
0790_0049_0017_0026_0026.jpg 1 49 17 26 26
0791_0025_0014_0029_0029.jpg 1 25 14 29 29
0792_0015_0020_0064_0064.jpg 1 15 20 64 64
0793_0040_0020_0024_0024.jpg 1 40 20 24 24
0794_0021_0026_0051_0051.jpg 1 21 26 51 51
0795_0038_0013_0050_0050.jpg 1 38 13 50 50
0796_0032_0031_0046_0046.jpg 1 32 31 46 46
0797_0022_0021_0029_0029.jpg 1 22 21 29 29
0798_0027_0007_0030_0030.jpg 1 27 7 30 30
0799_0041_0017_0034_0034.jpg 1 41 17 34 34
0800_0030_0022_0061_0061.jpg 1 30 22 61 61
0801_0056_0040_0036_0036.jpg 1 56 40 36 36
0802_0034_0043_0031_0031.jpg 1 34 43 31 31
0803_0034_0021_0054_0054.jpg 1 34 21 54 54
0804_0021_0008_0061_0061.jpg 1 21 8 61 61
0805_0007_0033_0050_0050.jpg 1 7 33 50 50
0806_0039_0035_0044_0044.jpg 1 39 35 44 44
0807_0031_0038_0043_0043.jpg 1 31 38 43 43
0808_0011_0006_0046_0046.jpg 1 11 6 46 46
0809_0006_0011_0062_0062.jpg 1 6 11 62 62
0810_0046_0027_0047_0047.jpg 1 46 27 47 47
0811_0016_0032_0041_0041.jpg 1 16 32 41 41
0812_0049_0041_0032_0032.jpg 1 49 41 32 32
0813_0022_0006_0060_0060.jpg 1 22 6 60 60
0814_0020_0019_0067_0067.jpg 1 20 19 67 67
0815_0009_0044_0024_0024.jpg 1 9 44 24 24
0816_0027_0028_0028_0028.jpg 1 27 28 28 28
0817_0005_0016_0051_0051.jpg 1 5 16 51 51
0818_0033_0016_0061_0061.jpg 1 33 16 61 61
0819_0005_0004_0067_0067.jpg 1 5 4 67 67
0820_0015_0044_0048_0048.jpg 1 15 44 48 48
0821_0040_0048_0028_0028.jpg 1 40 48 28 28
0822_0038_0065_0026_0026.jpg 1 38 65 26 26
0823_0019_0057_0031_0031.jpg 1 19 57 31 31
0824_0022_0047_0038_0038.jpg 1 22 47 38 38
0825_0014_0019_0038_0038.jpg 1 14 19 38 38
0826_0017_0014_0057_0057.jpg 1 17 14 57 57
0827_0040_0028_0047_0047.jpg 1 40 28 47 47
0828_0045_0038_0032_0032.jpg 1 45 38 32 32
0829_0008_0012_0057_0057.jpg 1 8 12 57 57
0830_0034_0029_0050_0050.jpg 1 34 29 50 50
0831_0021_0025_0068_0068.jpg 1 21 25 68 68
0832_0046_0019_0030_0030.jpg 1 46 19 30 30
0833_0013_0034_0055_0055.jpg 1 13 34 55 55
0834_0058_0050_0034_0034.jpg 1 58 50 34 34
0835_0010_0058_0027_0027.jpg 1 10 58 27 27
0836_0024_0024_0063_0063.jpg 1 24 24 63 63
0837_0022_0015_0060_0060.jpg 1 22 15 60 60
0838_0018_0036_0057_0057.jpg 1 18 36 57 57
0839_0017_0047_0041_0041.jpg 1 17 47 41 41
0840_0062_0012_0025_0025.jpg 1 62 12 25 25
0841_0020_0044_0037_0037.jpg 1 20 44 37 37
0842_0011_0013_0059_0059.jpg 1 11 13 59 59
0843_0032_0004_0052_0052.jpg 1 32 4 52 52
0844_0020_0008_0058_0058.jpg 1 20 8 58 58
0845_0032_0050_0040_0040.jpg 1 32 50 40 40
0846_0026_0010_0031_0031.jpg 1 26 10 31 31
0847_0050_0029_0038_0038.jpg 1 50 29 38 38
0848_0008_0020_0062_0062.jpg 1 8 20 62 62
0849_0023_0006_0052_0052.jpg 1 23 6 52 52
0850_0027_0041_0030_0030.jpg 1 27 41 30 30
0851_0003_0004_0068_0068.jpg 1 3 4 68 68
0852_0016_0023_0040_0040.jpg 1 16 23 40 40
0853_0050_0053_0040_0040.jpg 1 50 53 40 40
0854_0012_0027_0063_0063.jpg 1 12 27 63 63
0855_0006_0018_0049_0049.jpg 1 6 18 49 49
0856_0015_0015_0062_0062.jpg 1 15 15 62 62
0857_0031_0051_0027_0027.jpg 1 31 51 27 27
0858_0023_0020_0052_0052.jpg 1 23 20 52 52
0859_0017_0011_0063_0063.jpg 1 17 11 63 63
0860_0030_0023_0055_0055.jpg 1 30 23 55 55
0861_0038_0032_0054_0054.jpg 1 38 32 54 54
0862_0037_0032_0037_0037.jpg 1 37 32 37 37
0863_0011_0013_0062_0062.jpg 1 11 13 62 62
0864_0019_0009_0054_0054.jpg 1 19 9 54 54
0865_0026_0008_0068_0068.jpg 1 26 8 68 68
0866_0016_0032_0060_0060.jpg 1 16 32 60 60
0867_0022_0005_0069_0069.jpg 1 22 5 69 69
0868_0045_0032_0028_0028.jpg 1 45 32 28 28
0869_0008_0039_0024_0024.jpg 1 8 39 24 24
0870_0035_0023_0038_0038.jpg 1 35 23 38 38
0871_0022_0019_0058_0058.jpg 1 22 19 58 58
0872_0039_0047_0041_0041.jpg 1 39 47 41 41
0873_0008_0037_0047_0047.jpg 1 8 37 47 47
0874_0028_0005_0058_0058.jpg 1 28 5 58 58
0875_0006_0007_0064_0064.jpg 1 6 7 64 64
0876_0030_0030_0039_0039.jpg 1 30 30 39 39
0877_0060_0054_0028_0028.jpg 1 60 54 28 28
0878_0017_0062_0030_0030.jpg 1 17 62 30 30
0879_0004_0031_0061_0061.jpg 1 4 31 61 61
0880_0033_0021_0046_0046.jpg 1 33 21 46 46
0881_0013_0004_0061_0061.jpg 1 13 4 61 61
0882_0026_0013_0066_0066.jpg 1 26 13 66 66
0883_0048_0013_0025_0025.jpg 1 48 13 25 25
0884_0020_0039_0051_0051.jpg 1 20 39 51 51
0885_0035_0019_0045_0045.jpg 1 35 19 45 45
0886_0014_0045_0043_0043.jpg 1 14 45 43 43
0887_0013_0047_0045_0045.jpg 1 13 47 45 45
0888_0013_0006_0063_0063.jpg 1 13 6 63 63
0889_0010_0023_0066_0066.jpg 1 10 23 66 66
0890_0060_0014_0031_0031.jpg 1 60 14 31 31
0891_0009_0032_0061_0061.jpg 1 9 32 61 61
0892_0022_0018_0045_0045.jpg 1 22 18 45 45
0893_0029_0036_0051_0051.jpg 1 29 36 51 51
0894_0017_0008_0035_0035.jpg 1 17 8 35 35
0895_0056_0014_0025_0025.jpg 1 56 14 25 25
0896_0024_0007_0060_0060.jpg 1 24 7 60 60
0897_0034_0031_0058_0058.jpg 1 34 31 58 58
0898_0004_0010_0059_0059.jpg 1 4 10 59 59
0899_0026_0031_0048_0048.jpg 1 26 31 48 48
0900_0010_0007_0066_0066.jpg 1 10 7 66 66
0901_0013_0010_0065_0065.jpg 1 13 10 65 65
0902_0038_0018_0028_0028.jpg 1 38 18 28 28
0903_0036_0004_0057_0057.jpg 1 36 4 57 57
0904_0009_0008_0067_0067.jpg 1 9 8 67 67
0905_0031_0020_0031_0031.jpg 1 31 20 31 31
0906_0041_0009_0040_0040.jpg 1 41 9 40 40
0907_0045_0028_0039_0039.jpg 1 45 28 39 39
0908_0030_0033_0041_0041.jpg 1 30 33 41 41
0909_0030_0035_0053_0053.jpg 1 30 35 53 53
0910_0015_0025_0060_0060.jpg 1 15 25 60 60
0911_0033_0018_0057_0057.jpg 1 33 18 57 57
0912_0031_0036_0045_0045.jpg 1 31 36 45 45
0913_0016_0011_0064_0064.jpg 1 16 11 64 64
0914_0046_0007_0026_0026.jpg 1 46 7 26 26
0915_0033_0043_0039_0039.jpg 1 33 43 39 39
0916_0025_0015_0053_0053.jpg 1 25 15 53 53
0917_0057_0050_0026_0026.jpg 1 57 50 26 26
0918_0023_0025_0054_0054.jpg 1 23 25 54 54
0919_0018_0025_0026_0026.jpg 1 18 25 26 26
0920_0032_0026_0061_0061.jpg 1 32 26 61 61
0921_0032_0016_0049_0049.jpg 1 32 16 49 49
0922_0010_0045_0039_0039.jpg 1 10 45 39 39
0923_0026_0008_0049_0049.jpg 1 26 8 49 49
0924_0016_0021_0065_0065.jpg 1 16 21 65 65
0925_0018_0031_0033_0033.jpg 1 18 31 33 33
0926_0042_0028_0040_0040.jpg 1 42 28 40 40
0927_0034_0031_0055_0055.jpg 1 34 31 55 55
0928_0008_0029_0067_0067.jpg 1 8 29 67 67
0929_0011_0028_0058_0058.jpg 1 11 28 58 58
0930_0011_0065_0026_0026.jpg 1 11 65 26 26
0931_0023_0005_0064_0064.jpg 1 23 5 64 64
0932_0009_0026_0059_0059.jpg 1 9 26 59 59
0933_0039_0041_0029_0029.jpg 1 39 41 29 29
0934_0039_0054_0024_0024.jpg 1 39 54 24 24
0935_0045_0007_0045_0045.jpg 1 45 7 45 45
0936_0022_0053_0031_0031.jpg 1 22 53 31 31
0937_0014_0011_0066_0066.jpg 1 14 11 66 66
0938_0025_0034_0048_0048.jpg 1 25 34 48 48
0939_0027_0038_0030_0030.jpg 1 27 38 30 30
0940_0021_0013_0038_0038.jpg 1 21 13 38 38
0941_0033_0035_0057_0057.jpg 1 33 35 57 57
0942_0012_0032_0027_0027.jpg 1 12 32 27 27
0943_0055_0038_0032_0032.jpg 1 55 38 32 32
0944_0044_0023_0032_0032.jpg 1 44 23 32 32
0945_0046_0044_0044_0044.jpg 1 46 44 44 44
0946_0005_0039_0046_0046.jpg 1 5 39 46 46
0947_0017_0042_0025_0025.jpg 1 17 42 25 25
0948_0014_0013_0065_0065.jpg 1 14 13 65 65
0949_0015_0012_0061_0061.jpg 1 15 12 61 61
0950_0025_0010_0046_0046.jpg 1 25 10 46 46
0951_0027_0045_0047_0047.jpg 1 27 45 47 47
0952_0053_0012_0030_0030.jpg 1 53 12 30 30
0953_0030_0019_0052_0052.jpg 1 30 19 52 52
0954_0009_0049_0024_0024.jpg 1 9 49 24 24
0955_0055_0020_0034_0034.jpg 1 55 20 34 34
0956_0036_0022_0043_0043.jpg 1 36 22 43 43
0957_0045_0050_0031_0031.jpg 1 45 50 31 31
0958_0025_0009_0049_0049.jpg 1 25 9 49 49
0959_0022_0023_0069_0069.jpg 1 22 23 69 69
0960_0036_0026_0050_0050.jpg 1 36 26 50 50
0961_0037_0043_0051_0051.jpg 1 37 43 51 51
0962_0035_0027_0051_0051.jpg 1 35 27 51 51
0963_0050_0055_0033_0033.jpg 1 50 55 33 33
0964_0015_0053_0027_0027.jpg 1 15 53 27 27
0965_0037_0036_0040_0040.jpg 1 37 36 40 40
0966_0022_0012_0068_0068.jpg 1 22 12 68 68
0967_0060_0015_0031_0031.jpg 1 60 15 31 31
0968_0029_0033_0043_0043.jpg 1 29 33 43 43
0969_0046_0048_0045_0045.jpg 1 46 48 45 45
0970_0018_0017_0032_0032.jpg 1 18 17 32 32
0971_0016_0048_0045_0045.jpg 1 16 48 45 45
0972_0030_0046_0048_0048.jpg 1 30 46 48 48
0973_0013_0008_0068_0068.jpg 1 13 8 68 68
0974_0022_0018_0064_0064.jpg 1 22 18 64 64
0975_0036_0049_0042_0042.jpg 1 36 49 42 42
0976_0049_0065_0026_0026.jpg 1 49 65 26 26
0977_0042_0048_0035_0035.jpg 1 42 48 35 35
0978_0014_0007_0029_0029.jpg 1 14 7 29 29
0979_0053_0011_0038_0038.jpg 1 53 11 38 38
0980_0024_0032_0062_0062.jpg 1 24 32 62 62
0981_0018_0006_0044_0044.jpg 1 18 6 44 44
0982_0013_0029_0061_0061.jpg 1 13 29 61 61
0983_0019_0013_0069_0069.jpg 1 19 13 69 69
0984_0050_0058_0034_0034.jpg 1 50 58 34 34
0985_0010_0007_0061_0061.jpg 1 10 7 61 61
0986_0011_0013_0029_0029.jpg 1 11 13 29 29
0987_0062_0010_0024_0024.jpg 1 62 10 24 24
0988_0037_0017_0045_0045.jpg 1 37 17 45 45
0989_0008_0052_0029_0029.jpg 1 8 52 29 29
0990_0027_0012_0056_0056.jpg 1 27 12 56 56
0991_0017_0055_0030_0030.jpg 1 17 55 30 30
0992_0016_0038_0027_0027.jpg 1 16 38 27 27
0993_0021_0018_0069_0069.jpg 1 21 18 69 69
0994_0024_0019_0038_0038.jpg 1 24 19 38 38
0995_0018_0030_0056_0056.jpg 1 18 30 56 56
0996_0053_0021_0035_0035.jpg 1 53 21 35 35
0997_0037_0024_0036_0036.jpg 1 37 24 36 36
0998_0016_0011_0065_0065.jpg 1 16 11 65 65
0999_0018_0025_0068_0068.jpg 1 18 25 68 68
1000_0046_0022_0032_0032.jpg 1 46 22 32 32
1001_0048_0018_0045_0045.jpg 1 48 18 45 45
1002_0013_0051_0035_0035.jpg 1 13 51 35 35
1003_0046_0016_0046_0046.jpg 1 46 16 46 46
1004_0011_0045_0046_0046.jpg 1 11 45 46 46
1005_0022_0048_0027_0027.jpg 1 22 48 27 27
1006_0020_0021_0030_0030.jpg 1 20 21 30 30
1007_0029_0007_0047_0047.jpg 1 29 7 47 47
1008_0020_0027_0048_0048.jpg 1 20 27 48 48
1009_0024_0008_0065_0065.jpg 1 24 8 65 65
1010_0010_0031_0065_0065.jpg 1 10 31 65 65
1011_0027_0049_0038_0038.jpg 1 27 49 38 38
1012_0007_0027_0063_0063.jpg 1 7 27 63 63
1013_0026_0044_0050_0050.jpg 1 26 44 50 50
1014_0013_0006_0051_0051.jpg 1 13 6 51 51
1015_0009_0013_0054_0054.jpg 1 9 13 54 54
1016_0033_0012_0047_0047.jpg 1 33 12 47 47
